<?xml version="1.0" encoding="UTF-8"?>
<!-- Generated by org.testng.reporters.JUnitXMLReporter -->
<testsuite ignored="0" hostname="Branding153" failures="0" tests="4" name="Default test" time="19.776" errors="0" timestamp="2022-09-20T22:46:22 EDT">
  <testcase classname="test.NOPTest" name="Registration" time="2.045"/>
  <testcase classname="test.NOPTest" name="LoginTest2" time="1.618"/>
  <testcase classname="test.NOPTest" name="LoginTest3" time="0.589"/>
  <testcase classname="test.NOPTest" name="LoginTest1" time="3.461"/>
</testsuite> <!-- Default test -->
