<?xml version="1.0" encoding="UTF-8"?>
<testng-results ignored="0" total="4" passed="4" failed="0" skipped="0">
  <reporter-output>
  </reporter-output>
  <suite started-at="2022-09-20T22:46:02 EDT" name="Default suite" finished-at="2022-09-20T22:46:22 EDT" duration-ms="19776">
    <groups>
    </groups>
    <test started-at="2022-09-20T22:46:02 EDT" name="Default test" finished-at="2022-09-20T22:46:22 EDT" duration-ms="19776">
      <class name="test.NOPTest">
        <test-method is-config="true" signature="Setup()[pri:0, instance:test.NOPTest@3d285d7e]" started-at="2022-09-20T22:46:02 EDT" name="Setup" finished-at="2022-09-20T22:46:02 EDT" duration-ms="122" status="PASS">
          <reporter-output>
          </reporter-output>
        </test-method> <!-- Setup -->
        <test-method is-config="true" signature="setup()[pri:0, instance:test.NOPTest@3d285d7e]" started-at="2022-09-20T22:46:02 EDT" name="setup" finished-at="2022-09-20T22:46:07 EDT" duration-ms="4650" status="PASS">
          <reporter-output>
          </reporter-output>
        </test-method> <!-- setup -->
        <test-method signature="Registration()[pri:1, instance:test.NOPTest@3d285d7e]" started-at="2022-09-20T22:46:07 EDT" name="Registration" finished-at="2022-09-20T22:46:09 EDT" duration-ms="2045" status="PASS">
          <reporter-output>
          </reporter-output>
        </test-method> <!-- Registration -->
        <test-method is-config="true" signature="aftermethod()[pri:0, instance:test.NOPTest@3d285d7e]" started-at="2022-09-20T22:46:09 EDT" name="aftermethod" finished-at="2022-09-20T22:46:09 EDT" duration-ms="188" status="PASS">
          <reporter-output>
          </reporter-output>
        </test-method> <!-- aftermethod -->
        <test-method is-config="true" signature="setup()[pri:0, instance:test.NOPTest@3d285d7e]" started-at="2022-09-20T22:46:09 EDT" name="setup" finished-at="2022-09-20T22:46:11 EDT" duration-ms="2078" status="PASS">
          <reporter-output>
          </reporter-output>
        </test-method> <!-- setup -->
        <test-method signature="LoginTest2()[pri:2, instance:test.NOPTest@3d285d7e]" started-at="2022-09-20T22:46:11 EDT" name="LoginTest2" finished-at="2022-09-20T22:46:13 EDT" duration-ms="1618" status="PASS">
          <reporter-output>
          </reporter-output>
        </test-method> <!-- LoginTest2 -->
        <test-method is-config="true" signature="aftermethod()[pri:0, instance:test.NOPTest@3d285d7e]" started-at="2022-09-20T22:46:13 EDT" name="aftermethod" finished-at="2022-09-20T22:46:13 EDT" duration-ms="173" status="PASS">
          <reporter-output>
          </reporter-output>
        </test-method> <!-- aftermethod -->
        <test-method is-config="true" signature="setup()[pri:0, instance:test.NOPTest@3d285d7e]" started-at="2022-09-20T22:46:13 EDT" name="setup" finished-at="2022-09-20T22:46:15 EDT" duration-ms="2079" status="PASS">
          <reporter-output>
          </reporter-output>
        </test-method> <!-- setup -->
        <test-method signature="LoginTest3()[pri:3, instance:test.NOPTest@3d285d7e]" started-at="2022-09-20T22:46:15 EDT" name="LoginTest3" finished-at="2022-09-20T22:46:16 EDT" duration-ms="589" status="PASS">
          <reporter-output>
          </reporter-output>
        </test-method> <!-- LoginTest3 -->
        <test-method is-config="true" signature="aftermethod()[pri:0, instance:test.NOPTest@3d285d7e]" started-at="2022-09-20T22:46:16 EDT" name="aftermethod" finished-at="2022-09-20T22:46:16 EDT" duration-ms="189" status="PASS">
          <reporter-output>
          </reporter-output>
        </test-method> <!-- aftermethod -->
        <test-method is-config="true" signature="setup()[pri:0, instance:test.NOPTest@3d285d7e]" started-at="2022-09-20T22:46:16 EDT" name="setup" finished-at="2022-09-20T22:46:18 EDT" duration-ms="2094" status="PASS">
          <reporter-output>
          </reporter-output>
        </test-method> <!-- setup -->
        <test-method signature="LoginTest1()[pri:4, instance:test.NOPTest@3d285d7e]" started-at="2022-09-20T22:46:18 EDT" name="LoginTest1" finished-at="2022-09-20T22:46:21 EDT" duration-ms="3461" status="PASS">
          <reporter-output>
          </reporter-output>
        </test-method> <!-- LoginTest1 -->
        <test-method is-config="true" signature="aftermethod()[pri:0, instance:test.NOPTest@3d285d7e]" started-at="2022-09-20T22:46:21 EDT" name="aftermethod" finished-at="2022-09-20T22:46:22 EDT" duration-ms="190" status="PASS">
          <reporter-output>
          </reporter-output>
        </test-method> <!-- aftermethod -->
        <test-method is-config="true" signature="aftertest()[pri:0, instance:test.NOPTest@3d285d7e]" started-at="2022-09-20T22:46:22 EDT" name="aftertest" finished-at="2022-09-20T22:46:22 EDT" duration-ms="252" status="PASS">
          <reporter-output>
          </reporter-output>
        </test-method> <!-- aftertest -->
      </class> <!-- test.NOPTest -->
    </test> <!-- Default test -->
  </suite> <!-- Default suite -->
</testng-results>
